2025-07-14 22:38:36,954 - STEP_BLOCK - log_config:logger_step:98 - 
================================================================================
🟢 Phase 1: File Profiling - No files uploaded
================================================================================

2025-07-14 22:38:36,954 - STEP_BLOCK - log_config:logger_step:98 - 
================================================================================
🟢 Phase 2: Planning - Running PlannerAgent
================================================================================

2025-07-14 22:38:38,022 - INFO - models:generate_content:7421 - AFC is enabled with max remote calls: 10.
2025-07-14 22:38:42,056 - JSON_BLOCK - log_config:logger_json_block:154 - 
================================================================================
📌 Phase 2: Planning - Plan Graph
================================================================================
{
  "nodes": [
    {
      "id": "T001",
      "description": "Fetch details on the features of the Mahindra XUV 3XO from official Mahindra websites and reputable automotive news sources.",
      "agent": "RetrieverAgent",
      "agent_prompt": "Search for 'Mahindra XUV 3XO features' on Google and prioritize results from official Mahindra websites (mahindra.com) and reputable automotive news sources like Autocar India, ZigWheels, and CarDekho. Extract detailed information about the vehicle's features, including engine specifications, safety features, technology, interior and exterior design elements, and any unique selling points.",
      "reads": [],
      "writes": [
        "T001"
      ]
    },
    {
      "id": "T002",
      "description": "Present the fetched details of Mahindra XUV 3XO features in a well-organized HTML report.",
      "agent": "FormatterAgent",
      "agent_prompt": "Create a comprehensive HTML report summarizing the features of the Mahindra XUV 3XO based on the information retrieved in the previous step. Organize the information into sections such as: Engine and Performance, Safety Features, Technology and Infotainment, Interior Design, Exterior Design, and Unique Selling Points. Include a table summarizing key specifications. Make the report visually appealing and easy to read.",
      "reads": [
        "T001"
      ],
      "writes": [
        "T002"
      ]
    }
  ],
  "edges": [
    {
      "source": "ROOT",
      "target": "T001"
    },
    {
      "source": "T001",
      "target": "T002"
    }
  ]
}
================================================================================

2025-07-14 22:38:42,062 - STEP_BLOCK - log_config:logger_step:98 - 
================================================================================
🟢 Phase 4: Execution - DAG Execution Started
================================================================================

2025-07-14 22:38:42,069 - STEP_BLOCK - log_config:logger_step:98 - 
================================================================================
🟢 Executing DAG: Iteration 1 - Ready Steps: ['T001']
================================================================================

2025-07-14 22:38:42,070 - STEP_BLOCK - log_config:logger_step:98 - 
================================================================================
🟢 Executing DAG: Iteration 1 - Executing Batch: ['T001']
================================================================================

2025-07-14 22:38:42,074 - JSON_BLOCK - log_config:logger_json_block:154 - 
================================================================================
📌 Execute Step: T001 - Step Inputs
================================================================================
{}
================================================================================

2025-07-14 22:38:42,075 - JSON_BLOCK - log_config:logger_json_block:154 - 
================================================================================
📌 Execute Step: T001 - Agent Input
================================================================================
{
  "step_id": "T001",
  "agent_prompt": "Search for 'Mahindra XUV 3XO features' on Google and prioritize results from official Mahindra websites (mahindra.com) and reputable automotive news sources like Autocar India, ZigWheels, and CarDekho. Extract detailed information about the vehicle's features, including engine specifications, safety features, technology, interior and exterior design elements, and any unique selling points.",
  "reads": [],
  "writes": [
    "T001"
  ],
  "inputs": {},
  "original_query": "Mahindra has launched a new vehicle called xuv 3xo, fetch details on the features for this vehicle",
  "session_context": {
    "session_id": "52512922",
    "file_manifest": []
  }
}
================================================================================

2025-07-14 22:38:43,115 - INFO - models:generate_content:7421 - AFC is enabled with max remote calls: 10.
2025-07-14 22:38:45,298 - JSON_BLOCK - log_config:logger_json_block:154 - 
================================================================================
📌 Execute Step: T001 - Agent Result
================================================================================
{
  "success": true,
  "output": {
    "initial_thoughts": "Let me think through this... I need to find information on Mahindra XUV 3XO features, prioritizing official Mahindra sources and reputable automotive news sources. I'll use web search and craft queries to focus on the requested sources.",
    "output": {},
    "call_self": false,
    "code": {
      "CODE_1": "results = search_web_with_text_content('Mahindra XUV 3XO features site:mahindra.com OR site:autocarindia.com OR site:zigwheels.com OR site:cardekho.com', 8)\noutput = {'xuv_3xo_features': results}",
      "CODE_2": "results = search_web_with_text_content('Mahindra XUV 3XO engine specifications safety features technology interior exterior design', 6)\noutput = {'xuv_3xo_features': results}"
    },
    "cost": 0.00034155,
    "input_tokens": 1767.0,
    "output_tokens": 127.5,
    "total_tokens": 1894.5
  }
}
================================================================================

2025-07-14 22:38:45,301 - JSON_BLOCK - log_config:logger_json_block:154 - 
================================================================================
📌 Execute Step: T001 - Executor Input - Code Variants
================================================================================
{
  "code_variants": {
    "CODE_1": "results = search_web_with_text_content('Mahindra XUV 3XO features site:mahindra.com OR site:autocarindia.com OR site:zigwheels.com OR site:cardekho.com', 8)\noutput = {'xuv_3xo_features': results}",
    "CODE_2": "results = search_web_with_text_content('Mahindra XUV 3XO engine specifications safety features technology interior exterior design', 6)\noutput = {'xuv_3xo_features': results}"
  }
}
================================================================================

2025-07-14 22:38:45,302 - STEP_BLOCK - log_config:logger_step:98 - 
================================================================================
⚡ 🚀 Executor starting for session 52512922 step T001
================================================================================

2025-07-14 22:38:45,305 - STEP_BLOCK - log_config:logger_step:98 - 
================================================================================
🧪 🐍 Executing 2 Python code variants
================================================================================

2025-07-14 22:38:45,305 - STEP_BLOCK - log_config:logger_step:98 - 
================================================================================
🔬 ⚡ Executing CODE_1
================================================================================

2025-07-14 22:38:59,841 - CODE_BLOCK - log_config:logger_code_block:221 - 
================================================================================
📝 ⚡ Executor results for session 52512922 step T001 variant CODE_1
================================================================================
🔧 Code:
================================================================================
  results = search_web_with_text_content('Mahindra XUV 3XO features site:mahindra.com OR site:autocarindia.com OR site:zigwheels.com OR site:cardekho.com', 8)
  output = {'xuv_3xo_features': results}

================================================================================
📊 Output:
================================================================================
  {
    "created_files": [],
    "error": null,
    "execution_time": 14.535394599981373,
    "result": {
      "xuv_3xo_features": [
        {
          "_meta": null,
          "annotations": null,
          "text": "[error] 'charmap' codec can't encode characters in position 160-221: character maps to <undefined>",
          "type": "text"
        }
      ]
    },
    "status": "success"
  }
================================================================================

2025-07-14 22:38:59,842 - JSON_BLOCK - log_config:logger_json_block:154 - 
================================================================================
📌 Execute Step: T001 - Executor Result
================================================================================
{
  "status": "success",
  "session_id": "52512922",
  "operations": [
    "python_code"
  ],
  "created_files": [],
  "file_results": {},
  "code_results": {
    "status": "success",
    "result": {
      "xuv_3xo_features": [
        {
          "type": "text",
          "text": "[error] 'charmap' codec can't encode characters in position 160-221: character maps to <undefined>",
          "annotations": null,
          "_meta": null
        }
      ]
    },
    "created_files": [],
    "execution_time": 14.535394599981373,
    "error": null,
    "successful_variant": "CODE_1",
    "total_variants_tried": 1,
    "all_errors": []
  },
  "total_time": 14.540044100023806,
  "error": null
}
================================================================================

2025-07-14 22:38:59,843 - JSON_BLOCK - log_config:logger_json_block:154 - 
================================================================================
📌 Execute Step: T001 - Code Output
================================================================================
{
  "xuv_3xo_features": [
    {
      "type": "text",
      "text": "[error] 'charmap' codec can't encode characters in position 160-221: character maps to <undefined>",
      "annotations": null,
      "_meta": null
    }
  ]
}
================================================================================

2025-07-14 22:38:59,843 - JSON_BLOCK - log_config:logger_json_block:154 - 
================================================================================
📌 Execute Step: T001 - Agent Output
================================================================================
{
  "initial_thoughts": "Let me think through this... I need to find information on Mahindra XUV 3XO features, prioritizing official Mahindra sources and reputable automotive news sources. I'll use web search and craft queries to focus on the requested sources.",
  "output": {},
  "call_self": false,
  "code": {
    "CODE_1": "results = search_web_with_text_content('Mahindra XUV 3XO features site:mahindra.com OR site:autocarindia.com OR site:zigwheels.com OR site:cardekho.com', 8)\noutput = {'xuv_3xo_features': results}",
    "CODE_2": "results = search_web_with_text_content('Mahindra XUV 3XO engine specifications safety features technology interior exterior design', 6)\noutput = {'xuv_3xo_features': results}"
  },
  "cost": 0.00034155,
  "input_tokens": 1767.0,
  "output_tokens": 127.5,
  "total_tokens": 1894.5
}
================================================================================

2025-07-14 22:38:59,844 - JSON_BLOCK - log_config:logger_json_block:154 - 
================================================================================
📌 Execute Step: T001 - Combined Output
================================================================================
{
  "xuv_3xo_features": [
    {
      "type": "text",
      "text": "[error] 'charmap' codec can't encode characters in position 160-221: character maps to <undefined>",
      "annotations": null,
      "_meta": null
    }
  ]
}
================================================================================

2025-07-14 22:38:59,850 - STEP_BLOCK - log_config:logger_step:98 - 
================================================================================
🟢 Executing DAG: Iteration 2 - Ready Steps: ['T002']
================================================================================

2025-07-14 22:38:59,850 - STEP_BLOCK - log_config:logger_step:98 - 
================================================================================
🟢 Executing DAG: Iteration 2 - Executing Batch: ['T002']
================================================================================

2025-07-14 22:38:59,851 - JSON_BLOCK - log_config:logger_json_block:154 - 
================================================================================
📌 Execute Step: T002 - Step Inputs
================================================================================
{
  "T001": {
    "xuv_3xo_features": [
      {
        "type": "text",
        "text": "[error] 'charmap' codec can't encode characters in position 160-221: character maps to <undefined>",
        "annotations": null,
        "_meta": null
      }
    ]
  }
}
================================================================================

2025-07-14 22:38:59,851 - JSON_BLOCK - log_config:logger_json_block:154 - 
================================================================================
📌 Execute Step: T002 - Agent Input
================================================================================
{
  "step_id": "T002",
  "agent_prompt": "Create a comprehensive HTML report summarizing the features of the Mahindra XUV 3XO based on the information retrieved in the previous step. Organize the information into sections such as: Engine and Performance, Safety Features, Technology and Infotainment, Interior Design, Exterior Design, and Unique Selling Points. Include a table summarizing key specifications. Make the report visually appealing and easy to read.",
  "reads": [
    "T001"
  ],
  "writes": [
    "T002"
  ],
  "inputs": {
    "T001": {
      "xuv_3xo_features": [
        {
          "type": "text",
          "text": "[error] 'charmap' codec can't encode characters in position 160-221: character maps to <undefined>",
          "annotations": null,
          "_meta": null
        }
      ]
    }
  },
  "original_query": "Mahindra has launched a new vehicle called xuv 3xo, fetch details on the features for this vehicle",
  "session_context": {
    "session_id": "52512922",
    "file_manifest": []
  }
}
================================================================================

2025-07-14 22:39:01,040 - INFO - models:generate_content:7421 - AFC is enabled with max remote calls: 10.
2025-07-14 22:39:04,901 - JSON_BLOCK - log_config:logger_json_block:154 - 
================================================================================
📌 Execute Step: T002 - Agent Result
================================================================================
{
  "success": true,
  "output": {
    "initial_thoughts": "The input data 'T001' contains an encoding error. I need to handle this error gracefully and extract any usable information. I'll focus on creating a basic report structure and indicate the encoding issue. Since the primary data source has issues, I will call self to see if the issue gets resolved in the subsequent turn.",
    "output": {
      "final_format": "html",
      "images": [],
      "fallback_markdown": "# Mahindra XUV 3XO Features Report\n\nDue to an encoding error, the full feature list could not be extracted. A basic report structure is provided below.",
      "reasoning": "Created a basic HTML structure for the Mahindra XUV 3XO features report.  Handled the encoding error gracefully by displaying an error message in the executive summary. Included sections for different aspects of the vehicle. Since the data is incomplete, calling self for another try.",
      "formatted_report_T002": "<div class='report'><h1>Mahindra XUV 3XO Features Report</h1><div class='executive-summary'><h2>Executive Summary</h2><p>An encoding error occurred while retrieving the feature list. Some characters could not be properly decoded, resulting in an incomplete feature extraction. Further attempts to retrieve the complete data may be necessary.</p><div class='callout warning'>\u26a0\ufe0f Encoding Error: The character set caused errors during data extraction, resulting in an incomplete report.</div></div><h2>Engine and Performance</h2><p>Data not available due to encoding error.</p><h2>Safety Features</h2><p>Data not available due to encoding error.</p><h2>Technology and Infotainment</h2><p>Data not available due to encoding error.</p><h2>Interior Design</h2><p>Data not available due to encoding error.</p><h2>Exterior Design</h2><p>Data not available due to encoding error.</p><h2>Unique Selling Points</h2><p>Data not available due to encoding error.</p><h2>Key Specifications</h2><p>Data not available due to encoding error.</p></div>"
    },
    "call_self": true,
    "cost": 0.00069795,
    "input_tokens": 3159.0,
    "output_tokens": 373.5,
    "total_tokens": 3532.5
  }
}
================================================================================

2025-07-14 22:39:06,016 - INFO - models:generate_content:7421 - AFC is enabled with max remote calls: 10.
2025-07-14 22:39:11,190 - STEP_BLOCK - log_config:logger_step:98 - 
================================================================================
🟢 Phase 4: Execution - Executing DAG Complete
================================================================================

